NAMEper NAMEper PVfin .
NAMEper NAMEper PVfin .
NAMEper PNsf Ntmp ADV NN ADJifin PVfin PSE ADV NAMEloc Pgen VN Pgen NF P VN VADJi NF PVfin PSSb .
ITJ .
ADJ_n PVfin PSSb .

CDdate PVfin PSE .
CDdate Pfoc Ntmp Pfoc NN Pnom Vfin PSE PQ Vfin PSSb .
NN Pgen Ntmp Pfoc ADJifin PVfin PSE .
ITJ .
ADVdem Vfin PSSa CDdate Pgen NT Nsf Pcnj Pfoc ADVwh PVfin PSE .
NT PVfin PSE .
Vfin .
NN P CDdate PVfin PSSa Nwh Nsf Vte VAUXfin NF P Vfin PSE ITJ .

Vfin .
CDdate Pgen NT Pfoc CDtime P VN Pnom Vte ADV ADV ADVdgr ADJifin NN NN P Vte VAUXfin PSSa ADJifin NF PVfin PSSb .
ADVdem Vfin PSSa CDdate Pgen NT Pfoc ADVwh PVfin PSE .
ITJ .
ADJ_n PVfin .
ADJ_n PVfin PSE .
ITJ .

Ndem Pfoc ADJ_n PVfin PSE .
ITJ .
ADJ_n PVfin .
CDdate Pgen NT Nsf P CDdate Pgen NT NAMEloc VN P Vfin PSSb .

ADJ_n PVfin .
ADVdem PVfin PSE .



NAMEorg PVfin PSSa ADV ADVdgr NN Pnom ADJiku Vte CDtime CDtime NAMEloc Nsf NAMEloc Nsf CDtime CDtime P Vfin PSSb NN Pgen NF Pfoc Nwh Pnom NN ADJifin PVfin PSE .
ADVdem PVfin PSE ADV ADV VADJi PSSa .
ADJifin NN Pgen CDtime CDtime Nsf PVfin PSE Ndem Pgen NF P Vte Ntmp PVfin Pcnj .

CNJ VN NN NF PVfin PSSb CDU NN Pfoc CDdate Pgen NT PVfin PSSb NN Pacc Vfin NF Pfoc CDdate Pgen NT P Vfin .

CNJ Ndem NN NAMEloc P Vfin NF Pnom ADJifin PVfin PSE .
ITJ .
NN P ADV NN Pgen NN Pfoc Vfin PSSa .
VN PQ Vfin NF P Vfin PSSb .
ADVdem PVfin PSE .

Nwh Pnom ADJifin PVfin PSE .
Vfin NN Pfoc ADJ NF PVfin PSE ITJ .

CNJ NAMEloc Nsf CDtime CDtime CNJ NAMEloc Nsf CDtime .
CNJ ADV CD UNIT Pgen NF Pnom NAMEloc Nsf CDtime CDtime NAMEloc Nsf CDtime P Vfin .
Nwh Pnom ADJifin PVfin PSE .
ADVdem PVfin PSE NAMEloc P Pfoc VN Pcnj Vfin PQ .
ADVdem PVfin PSE .
Ndem Pgen NF Pnom NN Pfoc ADVdgr ADJ_n PVte CDU NN .

ITJ .
VN VSfin .
ITJ .
CNJ VN NN Pfoc Ndem Pgen NF P VN VSte VAUXfin .
NN Pgen NF Pacc VADJi Pfoc Vfin PSE ITJ .
ADVdem PVfin PSE .
NN NF PVfin PSSb .

ADJifin PVfin PSE .
NN P Vfin NF PVcnd ADV NN ADJ_n ADJsf NF Pnom Vfin NF PVfin PSE ITJ .
ADVdem PVfin PSE CDU ADJ_n ADJsf NF P Pfoc ADJifin NF PVfin PSSb NN P ADJifin NF Pfoc Vte ADV NN Pgen NN Pnom ADJifin PSE PQ Vfin PSSb .
ADV VN Pgen NN Pfoc NN P ADJifin PSSa ADJ_n PVfin PSE ITJ .
PRON Pfoc Ndem P ADVdgr NN ADJifin PVfin .
ADVdem PVfin PSE .

NN Pgen NF P NN Pnom ADJifin NF PVcnd PRON Pfoc NN Pgen NF Pnom ADJifin PVfin PSE .
CNJ NN P Vfin PQ .
ADVdem PVfin PSE .

ADVdem PVfin PSE ITJ .

PRON ADV NN Pgen NN PQ Vfin NF Pacc Vte VADJi NF PVfin PSSb .
ADJifin PVfin PSE .
PRON Pfoc Vte VADJi PVfin .

ADVdem PVfin PSE .

ITJ .

ITJ .
Vfin .
VN VSfin .
VN VSfin .
NAMEper NAMEper PVfin .
NAMEper NAMEper PVfin .
GR .
NAMEper PNsf .
GR .
NAMEper PNsf .

ADVdem PVfin PSE .

ADJ_n PVfin .
ADJ_n PVfin .
CNJ ADV NN P VN VSfin .
ITJ .
Ntmp P NN NF PVfin PSSb .

NAMEper PNsf Pgen NF Pgen NN Pfoc ADVwh PVfin PSE .
PRON Pgen NF Pfoc CD CDdate Pgen NF P Pfoc VADJi NF PVfin PSSb .
ITJ .
NAMEper PNsf Pgen NF Pnom CDdate Pnom ADJifin PQ Vfin NF PVcnd PRON Pgen NF Pfoc CDdate P Pfoc Vfin PSSa .
CDdate P VN VSfin .
ADVdem Vte VAUXfin PSSa ADJifin PVfin .
PRON Pgen NF Pnom CD CD -- VN Pnom Vte VAUXfin PSSa .

ADVdem PVfin PSE CDdate P PQ Vfin NF Pnom PRON Pfoc ADJifin PQ Vfin NF PVfin PSSb Vte VAUXfin PVfin PSE .
ITJ .
Vte VAUXfin .
ADJ_n PVfin .
CNJ ADVdem PVfin PSE CNJ CDdate VN PQ Vfin NF P ADV ADJifin PVfin PSE ITJ .
Ndem Pnom ADJifin PQ Vfin .

CNJ CDdate P VN VSfin .
CNJ CDdate P VN PQ Vfin PSSa NT P Ndem P Vte VAUXfin NF P Vfin PSSb ADJ_n PVfin PSE .
ITJ .
ADV Vfin .
CNJ CDdate P ADV VN PQ Vfin NF ITJ .
CNJ CDdate CDdate P Ndem P VN VSfin NF P Vfin .



PRON NN P Vfin NF ADJ_n PSSa .
ITJ .

ADVdem PVfin PSE CNJ NN Pgen Ntmp P ADV VN PSSa .
ADJiku Vte VAUXfin NF Pnom .
ITJ .
Ndem .
ADJifin PVfin PSE .
CNJ ADJifin NF P NAMEorg P Vfin .
NN Pnom NAMEloc CDtime Nsf PVfin .
CNJ NN Pgen NAMEloc Pgen NAMEloc Pgen NF P CDtime CDtime P Vfin .
CNJ Ndem Pgen ADJifin NF P Vfin .


ADVdem PVfin PSE NAMEloc P ADVdgr Pfoc ADJiku VADJi PQ Vfin PSSa .
ADVdem PVfin PSE ITJ .
ADJifin NF Pgen NN PSSa .
ADVdem PVfin PSE .
ITJ .

Ndem Pgen NF P ADJifin PVfin PSE ITJ .
Ndem P Vfin .
ADVdem PVfin PSE .

Ndem P VADJi PQ Vfin .
ITJ ADVtmp Ndem P VN Pgen NF Vte VAUXfin PSSa .
NN Pgen NN Pgen NF VN VSfin .
ITJ .
Vfin .
CNJ ADV Vfin PQ Vfin PSSa NN P VADJi PQ Vfin NF PVfin PSSb .
ITJ .

ITJ .
ITJ .
ITJ .
ADVtmp NN Pcnj NN Nwh P Vfin PQ .
ADJifin VN P NN Pgen NF P ADV -- VN VSfin NF P Pfoc ADJifin PSSa .

ADVdem PVfin PSE .
PRON Pfoc Ndem Pnom ADJifin PQ Vfin .
Ndem PVfin PSSa ADJifin NF PVfin PSSb .
ITJ .
CNJ NAMEloc PQ Vfin NN P Pfoc NN Pnom Vte NAMEloc PQ Vfin NN P Pfoc NN Pnom Vfin PADJ NF PVfin PSSb PRON ADJteki P Pfoc CDdate P ADV ADJ_n P Pfoc ADJifin PSE PQ Vfin NN Pfoc Vfin PSSa NAMEloc PQ Vfin NN P ADV VADJi PSE PQ Vfin NF PVfin PSSb ADVwh PVfin PSE .
ADVdem PVfin PSE .
NN Pgen NN PQ Vfin NF Pfoc ADV NN Pgen NF NN Pcnj ADV ADVdgr ADJifin NF PSSa .
ADV Ndem P Vfin .
CNJ CNJ NAMEloc PQ Vfin NN P VN PQ Vfin NF ITJ .
ITJ .
VN VSfin .

ADVdem PVfin PSE NN Pgen NN PVfin PSSa CD CD UNIT PSSa .
ITJ .
ITJ .
PRON Pgen NF P VN Pfoc VSte VAUXfin .
CNJ VN VSfin .
CNJ CNJ VN Pacc NN NN PVfin PSSb Vfin PSSa Vfin NF PVfin PSSb .

ADV Ndem P Vte VAUXfin PQ .
ADV ITJ VN VSfin .

ADVdem PVfin PSE .
CNJ VN VSte VADJi PQ Vfin .
CNJ Ntmp Pfoc ADJ_n NF ITJ .
CNJ GR .
ITJ .
ADJiku Vfin .
NAMEper NAMEper PVfin .
NAMEper NAMEper PVfin .
NAMEper PNsf Ntmp Pgen VN Pgen NF NF PVfin PSSb NN PRON Pgen NF P CDdate CDdate CDdate P ADV ADV Vte Pfoc VAUXfin NF PVfin PSSb CDdate Pgen CDdate P VN Vte .
ITJ .
CNJ CDdate Pgen CDdate P VN VSfin PQ Vfin NN P ADVwh PVfin PSE .
Vte VAUXfin PQ .
CDdate Pgen CDdate P Pfoc CDdate P VN VSfin CDdate P Pgen NT P .
ITJ .
PQ Vfin NF Pfoc ADVwh PVfin PSE .
Ndem P Pfoc VADJi PSSa VN VSfin .

NT P Vte VAUXfin PSSa CDdate Pgen CDdate P VN VSfin .
ITJ .
CNJ NN NN Pgen NN NF PVfin PSSb NT PVfin PSSa CDU NN Pnom Vte NAMEorg CD CD UNIT PQ Vfin NF Pnom NAMEloc CDtime CDtime P Vte NAMEloc Pgen NF P CDtime CDtime P Vte .
ITJ .
NAMEorg CD CD UNIT PQ Vfin NF Pfoc NAMEloc Pacc CDtime CDtime P Vte NAMEloc Pgen NF P ADV CDtime CDtime P Vfin NF PVfin PSSb .
ITJ .
VN VSfin NN Pfoc CDtime Nsf P VADJi PSSa .

ADV NAMEorg Pgen NF P VADJi PQ Vfin NF PVfin PSSb .
NAMEper PNsf ADVwh PVfin PSE .

ITJ .
ITJ .
CNJ NAMEloc Pacc CDtime CDtime P VN VSfin NAMEorg P NN P Vfin .
ITJ .
NAMEloc Pgen NF P Pfoc CDtime CDtime P Vfin .

ITJ .
CNJ NN Pgen NF Pgen NN Pgen NF Pfoc .
ITJ .
Vte VADJi PQ Vfin NF PVfin PSSb .
ITJ .

CD UNIT Pgen NF P NAMEloc Pacc CDtime CDtime P Vfin PQ Vfin NF P VADJi PQ Pfoc Vfin NF PVfin PSSb ADVwh PVfin PSE .

Ndem P Vfin .
ITJ .
CNJ NAMEloc Pacc CDtime CDtime P VN NT P CDtime CDtime P VN VSte Vte VAUXfin NF Pfoc Ntmp NN Pnom Vfin PSSa Ntmp Pgen CDtime PVfin PSE CDU .
ITJ .
CDtime PVfin PSE .
ITJ .
-- NAMEloc P Vte VAUXfin .
ITJ .
VN NF PVfin PSSb .
ITJ .
CDtime CDtime P Vfin PQ Vfin NF NF PVfin PSSb CDtime CDtime PVfin PSSa Ntmp ADJifin PVfin PSE ITJ .
ITJ .
ITJ .
ITJ .
ITJ .
ADVdem Vfin PSSa NN Pgen NF NF PVfin PSSb .
NN P ADJifin NF Pnom VN VADJi PQ Vfin PSSa .
ITJ .
ITJ .
ITJ .
ITJ .
ADVdem PVfin PSE .
NN P ADJifin NN Pfoc CDU Vfin .
ITJ .
ITJ .
CNJ CDU Nsf ADVdgr NN Pnom ADJifin NF PVfin PSSb .
ITJ .
ITJ .

ITJ .
ITJ .
Ndem Nsf P NN Pnom ADJifin NF PVfin PSSb .
ITJ .
Nwh Pgen NF Pnom NN PVfin PSE ITJ .
ADVdem PVfin PSE PRON Pfoc ADV NN ADJ_n PSSa .
ITJ .
NN Pnom Vte VAUXfin NF Pnom ADJifin PSE PQ Vfin PSSa .
PRON Pfoc NN Pgen NF Pnom ADJifin PQ Vte VAUXfin PSSa .
ITJ .
CNJ NN Pgen Vfin NAMEloc PQ Vfin NN P VN VSte VAUXfin .
VN VSfin .
NN Pgen NF ITJ .
NN Pgen NF NF PVfin PSSb .
NN Pnom CD CD UNIT NN Pnom CD CD UNIT .
NN Pgen NF Pnom ADJifin PVfin PSE .
ADVdem PVfin PSE ADV ADV PQ Vfin NN P VADJi PQ Vfin PSSa .
NN Pgen NF P Vfin .
Vfin .
CNJ NN Pgen NF P VN Pacc Vte VAUXfin .
ITJ .
CNJ CDU Nsf Pfoc VN VSfin PQ Vfin PSSa ADV NAMEloc PQ Vcnd NN Pnom ADJifin PQ Vfin PSSa ADV -- -- -- ADV ADV ADV Vbas PADV NN Pfoc VADJi PSE PQ Vfin PSSa NN Pgen ADJifin NN Pacc ADV NN Pgen NN P Vte VAUXfin PSSa .
Ndem Pgen NF P Vfin .
ADV VN VSfin .
ITJ .
CNJ NN P Vte VAUXfin PSSa .
ADV ADJdem Ntmp Pfoc ADJiku VN VSfin .
ITJ .
Ndem .
ADJiku VN VSfin .
ITJ .
GR .
GR .
NAMEper NAMEper PVfin .
NAMEper NAMEper PVfin .
NAMEper PNsf GR .
GR .

ITJ .
ITJ .
ITJ .
VN Pfoc NAMEloc Pgen NAMEloc PQ Vfin NF ITJ .
ITJ .
ADVdem PVfin PSE .
ITJ .
NN Pgen NF P VADJi PQ Vfin PSSb .
ITJ .
ITJ .
PRON CDdate Pgen PVfin PSE CDdate P .
ITJ .
ITJ .
ITJ .
ITJ .
CDdate P PVfin PSE NN Pnom ADJifin PQ Vfin .
CNJ ADVwh PVfin PSE .
ITJ .
ADVdem PVfin .
ITJ .
PRON Pfoc CDdate Pgen CDdate P Vte VAUXfin PSSb .
ADVdem PVfin PSE .
ITJ .
CDdate Pgen CDdate PVfin PSSa CDdate Pgen CDdate P Vte VAUXfin NF Pnom PVfin PSE NT P Vte .
ITJ .
CDdate PVfin PSE .
ADVdem PVfin PSE .
ITJ .

ADJ_n PVfin .
CDU Nsf P Vfin NF ITJ .
CNJ NN Pgen NF VADJi PQ Vfin PSSb .
ITJ .
ITJ .
ITJ .

ITJ .
ITJ .
ITJ .
ITJ .
ITJ .
CNJ NAMEloc Nsf NAMEorg P NAMEorg Pnom CDtime Nsf Pcnj CNJ NAMEorg Pnom CDtime CDtime Nsf NF PVfin PSE .
ITJ .
ITJ .
PRON Pfoc ADV Ntmp Pfoc ADJ_n PSSa ADV ADJifin NF Pnom ADJifin NF PVfin PSSb .
ITJ .
ADVdem PVfin PSE .
ITJ .

Ndem P Vfin PQ .
ITJ .
ITJ .
VN VSfin .
Vfin NF Pfoc CDtime CDtime PQ Vfin NF ITJ .
ADJiku VN VSfin .
ITJ .
ITJ .
VN VSfin .
CNJ NN Pgen NN Pfoc ADV P Vte VADJi PQ Vfin .
ITJ .
NT CDdate P Vfin NF P CD UNIT Vfin .
ITJ .
ITJ .

ITJ .
ITJ .
ITJ .
ITJ .
ITJ .

ADVdem PVfin PSE .
PRON Pfoc ADVdgr Pfoc ADJiku Pfoc ADJifin PSE PQ Vfin PSSa .
NAMEloc Pacc VN VSfin NF Pnom Ntmp Pgen Ntmp Pgen NT PQ Vfin NF ITJ .
NT Pgen CDtime CDtime P VN PQ Vfin NF ITJ .
ADJifin PVfin PSE .
ITJ .
ITJ .
ITJ .
ITJ .
ITJ .
ADVdem Vfin .
ITJ .
ITJ NN Pgen NF Pfoc ADVwh VSfin .
NN Pfoc PVfin PSE VN VSfin NF Pnom CDtime CDtime PQ Vfin NF ITJ .
ADJifin PSSa NN P ADJifin NF Pnom ADJifin NF P Pfoc NN PVfin Pcnj .
ITJ .
ADVdem PVfin PSE .
ITJ Ndem P ADV Vfin NF PVfin PSSb .
NN NN P ADVdgr ADJifin PQ Vfin PSSa NAMEloc Pnom ADJifin PSE PQ Vfin PSSb .
ITJ .
ITJ .
ITJ NN Pgen NF Pfoc -- NN PVfin PSSa CD CD UNIT P ADV ADJ_n PSE PQ Vfin PSSb .
ADVdem PVfin PSE .
ITJ .
CNJ Ndem P Vfin .
ITJ .
CNJ NN Pgen NF Pfoc NN Pcnj NN Nwh P Vfin PQ .
ITJ .
NN P ADJifin PVfin .
ITJ .
CNJ NAMEloc Pgen NN P CNJ VN VSte VAUXfin PSE .
ITJ .
ITJ .
VN VSfin .
VN VSfin .

ITJ .
ITJ .
ADVdem PVfin PSE .
CNJ NN Pfoc ADJ_n PQ Vfin PVfin PSSa Vfin PSSa .
VN Pgen NF Pfoc PVfin PSE Ntmp ADJifin NN P Pfoc NN Pacc Vte Vte VAUXcnd Vte Vte VAUXfin NF P Pfoc ADJifin NF PVfin PSE ITJ .
ITJ .
ITJ .
ITJ .
ITJ .
ITJ .
ADVdem PVfin PSE .
ADJifin NN Nsf Pfoc VADJi PVfin PSE ITJ .
ADVdem PVfin PSE .

ITJ .
ITJ .
CNJ ADJiku VN VSfin .
VN VSfin .

ITJ .
ITJ .
ADJiku Vfin .
NN P VN VSfin .
ITJ .
NAMEper NAMEper PVfin .
NAMEper NAMEper PVfin .
NAMEper PNsf ADV NN ADJifin PVfin PSE .
ITJ .

ADVdem PVfin PSE .
Vte VAUXfin .
ITJ .
ADVtmp NN Pgen NF NF PVfin PSSb ADVwh Vfin -- .
PRON Pgen NF Pfoc CDdate Pgen CDdate P Vte VAUXfin PSSb .
PRON Pfoc Ndem Pnom NN Pnom ADJifin PVfin .
ADVdem PVfin PSE .
ITJ .

ITJ .
ITJ CDdate -- VN PVfin PSSa CDdate Pgen NT P NAMEloc P Vte VAUXfin NF P Vfin PSSb .
ITJ .
PVfin .
ADJifin PVfin PSE .
ADJ_n PVfin .
ITJ .
CNJ NN NN Pgen NF NF PVfin PSSb ITJ ADVdgr Ndem Pgen NF P Vte VAUXfin NF PVfin PSSb .
ITJ .
PQ CDdate Pgen NT PVfin PSSa CD UNIT Vte .
ITJ .
NAMEloc Pacc CDtime Nsf Pgen NF Pcnj CDtime CDtime Nsf Pgen NF Pnom Vfin PSSb Nwh Pnom ADJifin PVfin PSE ITJ .

ITJ PVfin PSE ADVdgr NN Vfin NF Pnom CDtime VN Pgen NF P NAMEorg Pcnj NAMEorg Pgen NN P Vfin PSSb .
CNJ Ndem P VN VSfin .
ITJ .

CNJ NAMEorg P VN VSfin .
ITJ .
CNJ NAMEorg P CDtime Nsf P NAMEloc Nsf Pnom CDtime CDtime P ADJifin PVfin PSE .
ITJ .
ITJ .
CNJ Ndem Pgen NF P VN Vte VAUXfin .
VN VSfin .
CNJ NN Pgen NN Pgen NF Pfoc Vte VAUXfin PQ .
ADVdem PVfin PSE .
ITJ .

ITJ .
ITJ Ndem Pfoc NAMEloc Pacc CDtime VN Pgen NF Pcnj CDtime Pgen NF Pcnj CDtime Pgen NF Vfin PSSb .
CNJ NN P VN VSte NN VN VSfin PSSq .
ADVdem PVfin PSE .
CNJ ADVdgr ADJifin NF P ADJifin PVfin PSE ITJ .
ITJ .
CNJ NAMEloc Pacc CDtime CDtime VN P Vfin PQ .
Ndem P ADJifin PVfin PSE .
ITJ .
CNJ Ndem Pfoc NAMEorg Pgen CD UNIT P Vfin .
ITJ .
CNJ NAMEloc P Vfin NF Pnom CDtime P NT CDtime P Vfin NN .
Vfin .
ITJ .

ITJ .
Vfin .
ITJ .
CNJ Ndem Pgen NF VN Vte VAUXfin PSE .
VN VSfin .
CNJ NN Pgen NF PRON Pnom NN NN VN VSte VAUXfin NF Pnom Vfin NF PVfin PSSb .
ADJiku Vfin .
CDU Pfoc NN Pnom Vfin NN P CDU Pfoc NN Pgen NN NN Pgen CDU Pfoc NN Pgen NN Pnom Vfin NF PVfin PSSb NN P ADJifin NF Pnom ADJifin PVfin PSE .
ITJ .
ITJ .
NN P ADJifin NF P VN VSfin .
CNJ NN P NN P NN Pnom Vfin NN P Vfin PQ .
ADJifin PVfin PSE .
VN VSfin .
CNJ NN Pcnj NN Nwh P Vfin PQ .
ITJ NN Pgen NF Pnom NN Pnom Vte ADJifin PVfin PSE ITJ .
ADVdem PVfin PSE .
CNJ CD CD UNIT P CNJ NN Pgen NF P VN Pacc VSte VAUXfin .
ITJ .
ITJ .
Vfin .
Nwh PQ Vfin NN Pgen NN PVfin Pcnj .
Vfin .
NAMEloc PVfin .
ITJ .
Vfin .
VN VSfin .

VN Pfoc ADVwh Vfin -- .
ADV PRON Pfoc ADJifin NN Nsf Pacc VADJi PSSa ADV Pfoc ADJifin NN Nsf P VADJi PVfin PSSb .
ADVdem PVfin PSE .
CNJ NN Pgen NN Pacc Vfin NN P ADVdem Vfin NN Pfoc Vte VAUXfin .
ITJ .
VN VSfin .
CNJ ADV NN P Vte Pfoc Ntmp VN VSfin .
ITJ .
ITJ .
ADVdem PVfin PSE .
CNJ VN VSfin .
ITJ .
CNJ GR .
GR .
NAMEper NAMEper PVfin .
NAMEper NAMEper PVfin .
NAMEper PNsf Ntmp Pgen NAMEloc P Pgen VN Pgen NF P Ntmp NN ADV ADJifin PVfin PSE .
ITJ .
Ntmp PVfin PSSa ADV ADJifin PSSa .

ADVdem PVfin PSE .
NN Pgen NF ADV Ntmp P Vte VADJi NF PVfin PSSb .
ITJ .
PRON P Vte Pfoc CDdate Pgen NT Nsf Pnom ADJifin NF PVfin PSSb .

CDdate Pgen NT PVfin PSE .
ITJ .
PRON Pgen NF Pnom CD UNIT PQ Vte VAUXfin PSSa .

Vfin .
ITJ .
CNJ CDdate P Pfoc Nwh Nsf Pnom ADJ_n PVfin PSE .
CDdate PVfin PSE .
ITJ .
CDdate PVfin PSSa NT PVfin PSSa ADVdgr ADJifin NF PVfin PSSb .

CNJ PRON Pgen NF Pnom ADJ_n PSSa .
ITJ .
CNJ CDdate P Vfin .
ADVdem PVfin PSE .
Nwh Nsf Pnom ADJ_n PVfin PSE .
CDdate Pfoc ADV Vte Vte .

ADVdem PVfin PSE ITJ .
CDdate Nsf Vfin PSSb CDdate Nsf PVcnd ADJ_n PVfin PSSa .
CNJ CDdate Nsf P Vfin .
ITJ .
CNJ CDdate VN P ADJifin PVfin PSE .
ITJ .
ADJifin PVfin PSE .
ITJ .
CNJ CDdate VN PVcnd CDdate P NAMEloc P VN PVfin PSE ITJ .
CDdate PVfin PSE .
ITJ .
CNJ NN Pgen NF Vte VAUXfin .
ITJ .
CNJ CDdate Pgen NT PVfin PSSa NAMEloc Nsf Pfoc CDU P Vfin NN .
CDtime CDtime P NAMEloc Nsf PSSa .
ITJ .

Vfin .
NN P NN Pfoc Nwh Pgen NN PVfin Pcnj .
NAMEorg P Vfin .
ADVdem PVfin PSE .
Vfin .
ITJ .
CNJ NN Pfoc Vte VAUXfin .
ITJ .
CNJ CDdate NT Pgen NN Pfoc CD UNIT Vfin NF PVfin PSSb .

ADVdem PVfin PSE .
init .
ADVdem PVfin PSE ITJ .
ITJ .
CNJ CDdate Pgen NT Pgen NN Vfin NN .
ITJ .
VN VSfin .

ITJ .
ADVdem PVfin PSE .
PRON ADV CDU Vfin PQ Vte VAUXfin PSSa .
NAMEloc P ADJiku Vte VN VADJi PQ Vte VAUXfin NF PVfin PSSb .
CNJ NAMEloc P ADJiku Vfin NF Pgen NAMEloc Pacc CDtime Nsf P NAMEloc P CDtime CDtime P Nsf Pgen P Vfin .
ITJ .
ITJ .
Ndem P VN VSfin .
ITJ .

ADVdem PVfin PSE .

ITJ .

ITJ .
ITJ NAMEloc PQ Vfin NN Pnom ADVdgr ADJifin NN Pnom Vte NN Pfoc ADV NN Pgen NN Pcnj NN ADJifin NF PVfin PSSb .
NN NN Pgen NF Pfoc Vfin PQ .
ADV ADJifin PSSa CNJ Ndem P ADJifin PVfin PSE .
CNJ ADJdem NN Pnom ADV P ADJifin NN P ADJifin NN PVfin PSSa .
Ndem Pgen NN VN VSte VAUXfin PSSa .
VN VSfin .
ITJ .
ADVdem PVfin PSE CNJ NAMEloc P NAMEloc P CDtime Nsf P Vfin PSSa .
ITJ .
NN ADJdem NN P VN VSfin PSSq .
ADVdem PVfin PSE .
ADVdem PVfin .
ADV VN VAUXimp .
NN Pgen NF ADV NN Pcnj NN P Vte .

ADJifin NF PQ Vcnd Vfin PQ Vfin PSSq NN P PSSa Nwh Pnom ADJifin PVfin PSE .
CNJ NN P NN P .
ADVdem PVfin PSE ITJ .
ADV ADJiku VADJi PSSa .
CNJ NN Pgen NF P Vte VAUXfin PSSa .
ADVdem PVfin .
ITJ .
init .
VN VSfin .
ITJ .

ITJ .
NN Vfin NF Nsf NN Pacc VN VSfin PSSq .
ADVdem PVfin PSE .

Ndem VN VSte VAUXfin PQ .
ADVdem PVfin PSE .
CNJ Ndem Pgen NF Vte VAUXfin .
ADJiku VN VSfin .
ITJ CNJ CNJ ADV .
ADV ADJiku VN VSfin .
ADJiku VN VSfin .
ITJ .
VN VSfin .
NAMEper NAMEper PVfin .
NAMEper NAMEper PVfin .
NAMEper PNsf GR .
GR .
ADV ADV VN VSfin PSSa .

ITJ .
ADJifin PVfin PSE .
CNJ ADV VN VSfin .
ADV ADVdgr ADJ_n ADJsf NN NF PVfin PSSb Nwh Nsf PVfin PSSa ADVdgr NN Pnom ADJifin PVfin PSE .
PRON CDdate Pgen NN Nsf Pnom Vte VAUXfin NF Pnom ADJifin NF PVfin PSSb Vte VAUXfin Ntmp Pnom ADJifin NF PVfin PSSb .
ADVdem PVfin PSE .
ITJ .


ITJ .
CDdate Nsf PVfin PSSa ADV VN Pnom Vte VAUXfin PSSa .
PRON Pfoc CDdate Nsf Pnom ADJifin NF PVfin PSSb .

ADVdem PVfin PSE .

Vfin .

ADVdem PVfin PSE .
ADV CNJ ADV VN VSte VAUXfin PADJ PVfin PSE .
ITJ .
ADVdem PVfin PSE .
CNJ PRON Ntmp NN Vfin PSSa CDdate Pgen CDdate Nsf P PVfin PSSa CDU Nsf ADVdgr Vte Vte .
ITJ .
ADV ADV PQ Vte VAUXfin NF PVfin PSSb .
CNJ CDdate Pgen NT P P Pfoc ADVwh PVfin .
ADVdgr ADJ_n PVfin PSSa CNJ CDdate VN PQ Vfin NF P ADJifin PVfin PSE .
ITJ .

ITJ .
CNJ CDdate VN P CDdate VN PQ Vfin NF ITJ .
VN VSfin .
ADVdem PVfin PSE .
ITJ .
CNJ PRON ADV NAMEloc NAMEloc CDU Pgen NN NN Pacc Vte VAUXfin PSSa Ntmp ADV Vte VADJi PQ Vfin NF PVfin PSSb .
ADJifin PVfin PSE .
ITJ .
VN VSfin .

ADVdem PVfin PSE .
ADJifin PVfin PSE ITJ .
ADVdem PVfin PSE .
NAMEloc Pgen NN PNsf Pgen NF Pnom CDU NN .
ADVdem PVfin PSE .
ITJ .
Ndem PVfin PSSa ADJifin NF PVfin PSSb .

CNJ VN NF PVfin PSSb NT P VN NF PVfin PSSb NT P NAMEloc Pacc Vfin NF PVfin PSSb CD UNIT Vte NT P NAMEloc Pacc VN VSfin NF P NT Pgen CDtime NN P VN VSfin NN PQ Vfin NF PVfin PSSb .

NN NN Vte VAUXfin Ntmp Pfoc ADVdgr NN Pgen NF Pnom ADJifin Pcnj NN Vfin PVfin PSE .
ITJ .
ITJ .
ITJ .

ITJ .
ADV ADJiku NAMEloc Pgen NF P Vcnd ADJifin PSE PQ .
ADVdem PVfin PSE .
ITJ .
CNJ Vfin .

Ndem P -- VN VSfin .
